Copyright 1986-2022 Xilinx, Inc. All Rights Reserved. Copyright 2022-2024 Advanced Micro Devices, Inc. All Rights Reserved.
---------------------------------------------------------------------------------------------------------------------------------------------
| Tool Version : Vivado v.2024.2 (win64) Build 5239630 Fri Nov 08 22:35:27 MST 2024
| Date         : Mon Apr 28 17:40:51 2025
| Host         : Shashwat-Thinkbook running 64-bit major release  (build 9200)
| Command      : report_drc -file chess_top_drc_routed.rpt -pb chess_top_drc_routed.pb -rpx chess_top_drc_routed.rpx
| Design       : chess_top
| Device       : xc7z020clg484-1
| Speed File   : -1
| Design State : Fully Routed
---------------------------------------------------------------------------------------------------------------------------------------------

Report DRC

Table of Contents
-----------------
1. REPORT SUMMARY
2. REPORT DETAILS

1. REPORT SUMMARY
-----------------
            Netlist: netlist
          Floorplan: design_1
      Design limits: <entire design considered>
           Ruledeck: default
             Max checks: <unlimited>
             Checks found: 2
+----------+----------+--------------------+--------+
| Rule     | Severity | Description        | Checks |
+----------+----------+--------------------+--------+
| PDRC-153 | Warning  | Gated clock check  | 1      |
| ZPS7-1   | Warning  | PS7 block required | 1      |
+----------+----------+--------------------+--------+

2. REPORT DETAILS
-----------------
PDRC-153#1 Warning
Gated clock check  
Net game_logic_inst/move_is_legal_reg/G0 is a gated clock net sourced by a combinational pin game_logic_inst/move_is_legal_reg/L3_2/O, cell game_logic_inst/move_is_legal_reg/L3_2 (in game_logic_inst/move_is_legal_reg macro). This is not good design practice and will likely impact performance. For SLICE registers, for example, use the CE pin to control the loading of data.
Related violations: <none>

ZPS7-1#1 Warning
PS7 block required  
The PS7 cell must be used in this Zynq design in order to enable correct default configuration.
Related violations: <none>


